2022/12/04 05:00:39 [error] [exception.CHttpException.404] CHttpException: Unable to resolve the request "gii". in C:\wamp64\www\yii-master\framework\web\CWebApplication.php:286
Stack trace:
#0 C:\wamp64\www\yii-master\framework\web\CWebApplication.php(141): CWebApplication->runController('gii')
#1 C:\wamp64\www\yii-master\framework\base\CApplication.php(185): CWebApplication->processRequest()
#2 C:\wamp64\www\donoryii1\index.php(13): CApplication->run()
#3 {main}
REQUEST_URI=/donoryii1/index.php?r=gii
---
2022/12/04 05:03:30 [error] [exception.CException] CException: Property "User.password" is not defined. in C:\wamp64\www\yii-master\framework\base\CComponent.php:130
Stack trace:
#0 C:\wamp64\www\yii-master\framework\db\ar\CActiveRecord.php(145): CComponent->__get('password')
#1 C:\wamp64\www\donoryii1\protected\components\UserIdentity.php(28): CActiveRecord->__get('password')
#2 C:\wamp64\www\donoryii1\protected\models\LoginForm.php(54): UserIdentity->authenticate()
#3 C:\wamp64\www\yii-master\framework\validators\CInlineValidator.php(42): LoginForm->authenticate('password', Array)
#4 C:\wamp64\www\yii-master\framework\validators\CValidator.php(201): CInlineValidator->validateAttribute(Object(LoginForm), 'password')
#5 C:\wamp64\www\yii-master\framework\base\CModel.php(159): CValidator->validate(Object(LoginForm), Array)
#6 C:\wamp64\www\donoryii1\protected\controllers\SiteController.php(94): CModel->validate()
#7 C:\wamp64\www\yii-master\framework\web\actions\CInlineAction.php(49): SiteController->actionLogin()
#8 C:\wamp64\www\yii-master\framework\web\CController.php(308): CInlineAction->runWithParams(Array)
#9 C:\wamp64\www\yii-master\framework\web\CController.php(286): CController->runAction(Object(CInlineAction))
#10 C:\wamp64\www\yii-master\framework\web\CController.php(265): CController->runActionWithFilters(Object(CInlineAction), Array)
#11 C:\wamp64\www\yii-master\framework\web\CWebApplication.php(282): CController->run('login')
#12 C:\wamp64\www\yii-master\framework\web\CWebApplication.php(141): CWebApplication->runController('site/login')
#13 C:\wamp64\www\yii-master\framework\base\CApplication.php(185): CWebApplication->processRequest()
#14 C:\wamp64\www\donoryii1\index.php(13): CApplication->run()
#15 {main}
REQUEST_URI=/donoryii1/index.php?r=site/login
HTTP_REFERER=http://localhost/donoryii1/index.php?r=site/login
---
2022/12/04 05:07:40 [warning] [application] Failed to set unsafe attribute "password" of "LoginForm".
in C:\wamp64\www\donoryii1\protected\controllers\SiteController.php (92)
in C:\wamp64\www\donoryii1\index.php (13)
2022/12/04 05:07:40 [error] [exception.CException] CException: Property "LoginForm.password" is not defined. in C:\wamp64\www\yii-master\framework\base\CComponent.php:130
Stack trace:
#0 C:\wamp64\www\yii-master\framework\web\helpers\CHtml.php(2784): CComponent->__get('password')
#1 C:\wamp64\www\yii-master\framework\web\helpers\CHtml.php(2507): CHtml::resolveValue(Object(LoginForm), 'password')
#2 C:\wamp64\www\yii-master\framework\web\helpers\CHtml.php(1828): CHtml::activeInputField('password', Object(LoginForm), 'password', Array)
#3 C:\wamp64\www\yii-master\framework\web\widgets\CActiveForm.php(839): CHtml::activePasswordField(Object(LoginForm), 'password', Array)
#4 C:\wamp64\www\donoryii1\protected\views\site\login.php(35): CActiveForm->passwordField(Object(LoginForm), 'password')
#5 C:\wamp64\www\yii-master\framework\web\CBaseController.php(126): require('C:\\wamp64\\www\\d...')
#6 C:\wamp64\www\yii-master\framework\web\CBaseController.php(95): CBaseController->renderInternal('C:\\wamp64\\www\\d...', Array, true)
#7 C:\wamp64\www\yii-master\framework\web\CController.php(872): CBaseController->renderFile('C:\\wamp64\\www\\d...', Array, true)
#8 C:\wamp64\www\yii-master\framework\web\CController.php(785): CController->renderPartial('login', Array, true)
#9 C:\wamp64\www\donoryii1\protected\controllers\SiteController.php(98): CController->render('login', Array)
#10 C:\wamp64\www\yii-master\framework\web\actions\CInlineAction.php(49): SiteController->actionLogin()
#11 C:\wamp64\www\yii-master\framework\web\CController.php(308): CInlineAction->runWithParams(Array)
#12 C:\wamp64\www\yii-master\framework\web\CController.php(286): CController->runAction(Object(CInlineAction))
#13 C:\wamp64\www\yii-master\framework\web\CController.php(265): CController->runActionWithFilters(Object(CInlineAction), Array)
#14 C:\wamp64\www\yii-master\framework\web\CWebApplication.php(282): CController->run('login')
#15 C:\wamp64\www\yii-master\framework\web\CWebApplication.php(141): CWebApplication->runController('site/login')
#16 C:\wamp64\www\yii-master\framework\base\CApplication.php(185): CWebApplication->processRequest()
#17 C:\wamp64\www\donoryii1\index.php(13): CApplication->run()
#18 {main}
REQUEST_URI=/donoryii1/index.php?r=site/login
HTTP_REFERER=http://localhost/donoryii1/index.php?r=site/login
---
2022/12/04 05:08:05 [warning] [application] Failed to set unsafe attribute "password" of "LoginForm".
in C:\wamp64\www\donoryii1\protected\controllers\SiteController.php (92)
in C:\wamp64\www\donoryii1\index.php (13)
2022/12/04 05:08:07 [error] [exception.CException] CException: Property "User.password" is not defined. in C:\wamp64\www\yii-master\framework\base\CComponent.php:130
Stack trace:
#0 C:\wamp64\www\yii-master\framework\db\ar\CActiveRecord.php(145): CComponent->__get('password')
#1 C:\wamp64\www\donoryii1\protected\components\UserIdentity.php(35): CActiveRecord->__get('password')
#2 C:\wamp64\www\donoryii1\protected\models\LoginForm.php(54): UserIdentity->authenticate()
#3 C:\wamp64\www\yii-master\framework\validators\CInlineValidator.php(42): LoginForm->authenticate('password_hash', Array)
#4 C:\wamp64\www\yii-master\framework\validators\CValidator.php(201): CInlineValidator->validateAttribute(Object(LoginForm), 'password_hash')
#5 C:\wamp64\www\yii-master\framework\base\CModel.php(159): CValidator->validate(Object(LoginForm), Array)
#6 C:\wamp64\www\donoryii1\protected\controllers\SiteController.php(94): CModel->validate()
#7 C:\wamp64\www\yii-master\framework\web\actions\CInlineAction.php(49): SiteController->actionLogin()
#8 C:\wamp64\www\yii-master\framework\web\CController.php(308): CInlineAction->runWithParams(Array)
#9 C:\wamp64\www\yii-master\framework\web\CController.php(286): CController->runAction(Object(CInlineAction))
#10 C:\wamp64\www\yii-master\framework\web\CController.php(265): CController->runActionWithFilters(Object(CInlineAction), Array)
#11 C:\wamp64\www\yii-master\framework\web\CWebApplication.php(282): CController->run('login')
#12 C:\wamp64\www\yii-master\framework\web\CWebApplication.php(141): CWebApplication->runController('site/login')
#13 C:\wamp64\www\yii-master\framework\base\CApplication.php(185): CWebApplication->processRequest()
#14 C:\wamp64\www\donoryii1\index.php(13): CApplication->run()
#15 {main}
REQUEST_URI=/donoryii1/index.php?r=site/login
HTTP_REFERER=http://localhost/donoryii1/index.php?r=site/login
---
2022/12/04 05:08:21 [error] [exception.CException] CException: Property "UserIdentity.password_hash" is not defined. in C:\wamp64\www\yii-master\framework\base\CComponent.php:130
Stack trace:
#0 C:\wamp64\www\donoryii1\protected\components\UserIdentity.php(35): CComponent->__get('password_hash')
#1 C:\wamp64\www\donoryii1\protected\models\LoginForm.php(54): UserIdentity->authenticate()
#2 C:\wamp64\www\yii-master\framework\validators\CInlineValidator.php(42): LoginForm->authenticate('password_hash', Array)
#3 C:\wamp64\www\yii-master\framework\validators\CValidator.php(201): CInlineValidator->validateAttribute(Object(LoginForm), 'password_hash')
#4 C:\wamp64\www\yii-master\framework\base\CModel.php(159): CValidator->validate(Object(LoginForm), Array)
#5 C:\wamp64\www\donoryii1\protected\controllers\SiteController.php(94): CModel->validate()
#6 C:\wamp64\www\yii-master\framework\web\actions\CInlineAction.php(49): SiteController->actionLogin()
#7 C:\wamp64\www\yii-master\framework\web\CController.php(308): CInlineAction->runWithParams(Array)
#8 C:\wamp64\www\yii-master\framework\web\CController.php(286): CController->runAction(Object(CInlineAction))
#9 C:\wamp64\www\yii-master\framework\web\CController.php(265): CController->runActionWithFilters(Object(CInlineAction), Array)
#10 C:\wamp64\www\yii-master\framework\web\CWebApplication.php(282): CController->run('login')
#11 C:\wamp64\www\yii-master\framework\web\CWebApplication.php(141): CWebApplication->runController('site/login')
#12 C:\wamp64\www\yii-master\framework\base\CApplication.php(185): CWebApplication->processRequest()
#13 C:\wamp64\www\donoryii1\index.php(13): CApplication->run()
#14 {main}
REQUEST_URI=/donoryii1/index.php?r=site/login
HTTP_REFERER=http://localhost/donoryii1/index.php?r=site/login
---
2022/12/04 05:09:45 [warning] [application] Failed to set unsafe attribute "password_hash" of "LoginForm".
in C:\wamp64\www\donoryii1\protected\controllers\SiteController.php (92)
in C:\wamp64\www\donoryii1\index.php (13)
2022/12/04 05:11:32 [error] [exception.CException] CException: Property "UserIdentity._id" is not defined. in C:\wamp64\www\yii-master\framework\base\CComponent.php:173
Stack trace:
#0 C:\wamp64\www\donoryii1\protected\components\UserIdentity.php(41): CComponent->__set('_id', '1')
#1 C:\wamp64\www\donoryii1\protected\models\LoginForm.php(54): UserIdentity->authenticate()
#2 C:\wamp64\www\yii-master\framework\validators\CInlineValidator.php(42): LoginForm->authenticate('password', Array)
#3 C:\wamp64\www\yii-master\framework\validators\CValidator.php(201): CInlineValidator->validateAttribute(Object(LoginForm), 'password')
#4 C:\wamp64\www\yii-master\framework\base\CModel.php(159): CValidator->validate(Object(LoginForm), Array)
#5 C:\wamp64\www\donoryii1\protected\controllers\SiteController.php(94): CModel->validate()
#6 C:\wamp64\www\yii-master\framework\web\actions\CInlineAction.php(49): SiteController->actionLogin()
#7 C:\wamp64\www\yii-master\framework\web\CController.php(308): CInlineAction->runWithParams(Array)
#8 C:\wamp64\www\yii-master\framework\web\CController.php(286): CController->runAction(Object(CInlineAction))
#9 C:\wamp64\www\yii-master\framework\web\CController.php(265): CController->runActionWithFilters(Object(CInlineAction), Array)
#10 C:\wamp64\www\yii-master\framework\web\CWebApplication.php(282): CController->run('login')
#11 C:\wamp64\www\yii-master\framework\web\CWebApplication.php(141): CWebApplication->runController('site/login')
#12 C:\wamp64\www\yii-master\framework\base\CApplication.php(185): CWebApplication->processRequest()
#13 C:\wamp64\www\donoryii1\index.php(13): CApplication->run()
#14 {main}
REQUEST_URI=/donoryii1/index.php?r=site/login
HTTP_REFERER=http://localhost/donoryii1/index.php?r=site/login
---
2022/12/04 05:12:16 [error] [exception.CException] CException: Property "User.title" is not defined. in C:\wamp64\www\yii-master\framework\base\CComponent.php:130
Stack trace:
#0 C:\wamp64\www\yii-master\framework\db\ar\CActiveRecord.php(145): CComponent->__get('title')
#1 C:\wamp64\www\donoryii1\protected\components\UserIdentity.php(45): CActiveRecord->__get('title')
#2 C:\wamp64\www\donoryii1\protected\models\LoginForm.php(54): UserIdentity->authenticate()
#3 C:\wamp64\www\yii-master\framework\validators\CInlineValidator.php(42): LoginForm->authenticate('password', Array)
#4 C:\wamp64\www\yii-master\framework\validators\CValidator.php(201): CInlineValidator->validateAttribute(Object(LoginForm), 'password')
#5 C:\wamp64\www\yii-master\framework\base\CModel.php(159): CValidator->validate(Object(LoginForm), Array)
#6 C:\wamp64\www\donoryii1\protected\controllers\SiteController.php(94): CModel->validate()
#7 C:\wamp64\www\yii-master\framework\web\actions\CInlineAction.php(49): SiteController->actionLogin()
#8 C:\wamp64\www\yii-master\framework\web\CController.php(308): CInlineAction->runWithParams(Array)
#9 C:\wamp64\www\yii-master\framework\web\CController.php(286): CController->runAction(Object(CInlineAction))
#10 C:\wamp64\www\yii-master\framework\web\CController.php(265): CController->runActionWithFilters(Object(CInlineAction), Array)
#11 C:\wamp64\www\yii-master\framework\web\CWebApplication.php(282): CController->run('login')
#12 C:\wamp64\www\yii-master\framework\web\CWebApplication.php(141): CWebApplication->runController('site/login')
#13 C:\wamp64\www\yii-master\framework\base\CApplication.php(185): CWebApplication->processRequest()
#14 C:\wamp64\www\donoryii1\index.php(13): CApplication->run()
#15 {main}
REQUEST_URI=/donoryii1/index.php?r=site/login
HTTP_REFERER=http://localhost/donoryii1/index.php?r=site/login
---
2022/12/04 05:14:18 [error] [exception.CException] CException: Property "User.title" is not defined. in C:\wamp64\www\yii-master\framework\base\CComponent.php:130
Stack trace:
#0 C:\wamp64\www\yii-master\framework\db\ar\CActiveRecord.php(145): CComponent->__get('title')
#1 C:\wamp64\www\donoryii1\protected\components\UserIdentity.php(45): CActiveRecord->__get('title')
#2 C:\wamp64\www\donoryii1\protected\models\LoginForm.php(54): UserIdentity->authenticate()
#3 C:\wamp64\www\yii-master\framework\validators\CInlineValidator.php(42): LoginForm->authenticate('password', Array)
#4 C:\wamp64\www\yii-master\framework\validators\CValidator.php(201): CInlineValidator->validateAttribute(Object(LoginForm), 'password')
#5 C:\wamp64\www\yii-master\framework\base\CModel.php(159): CValidator->validate(Object(LoginForm), Array)
#6 C:\wamp64\www\donoryii1\protected\controllers\SiteController.php(94): CModel->validate()
#7 C:\wamp64\www\yii-master\framework\web\actions\CInlineAction.php(49): SiteController->actionLogin()
#8 C:\wamp64\www\yii-master\framework\web\CController.php(308): CInlineAction->runWithParams(Array)
#9 C:\wamp64\www\yii-master\framework\web\CController.php(286): CController->runAction(Object(CInlineAction))
#10 C:\wamp64\www\yii-master\framework\web\CController.php(265): CController->runActionWithFilters(Object(CInlineAction), Array)
#11 C:\wamp64\www\yii-master\framework\web\CWebApplication.php(282): CController->run('login')
#12 C:\wamp64\www\yii-master\framework\web\CWebApplication.php(141): CWebApplication->runController('site/login')
#13 C:\wamp64\www\yii-master\framework\base\CApplication.php(185): CWebApplication->processRequest()
#14 C:\wamp64\www\donoryii1\index.php(13): CApplication->run()
#15 {main}
REQUEST_URI=/donoryii1/index.php?r=site/login
HTTP_REFERER=http://localhost/donoryii1/index.php?r=site/login
---
2022/12/04 06:35:03 [error] [php] Non-static method CActiveRecord::findByPk() should not be called statically (C:\wamp64\www\donoryii1\protected\views\camp\view.php:33)
Stack trace:
#0 C:\wamp64\www\yii-master\framework\web\CBaseController.php(126): require()
#1 C:\wamp64\www\yii-master\framework\web\CBaseController.php(95): CampController->renderInternal()
#2 C:\wamp64\www\yii-master\framework\web\CController.php(872): CampController->renderFile()
#3 C:\wamp64\www\yii-master\framework\web\CController.php(785): CampController->renderPartial()
#4 C:\wamp64\www\donoryii1\protected\controllers\CampController.php(55): CampController->render()
#5 unknown(0): CampController->actionView()
#6 C:\wamp64\www\yii-master\framework\web\actions\CAction.php(115): ReflectionMethod->invokeArgs()
#7 C:\wamp64\www\yii-master\framework\web\actions\CInlineAction.php(47): CInlineAction->runWithParamsInternal()
#8 C:\wamp64\www\yii-master\framework\web\CController.php(308): CInlineAction->runWithParams()
#9 C:\wamp64\www\yii-master\framework\web\filters\CFilterChain.php(134): CampController->runAction()
#10 C:\wamp64\www\yii-master\framework\web\filters\CFilter.php(40): CFilterChain->run()
#11 C:\wamp64\www\yii-master\framework\web\CController.php(1148): CAccessControlFilter->filter()
#12 C:\wamp64\www\yii-master\framework\web\filters\CInlineFilter.php(58): CampController->filterAccessControl()
#13 C:\wamp64\www\yii-master\framework\web\filters\CFilterChain.php(131): CInlineFilter->filter()
#14 C:\wamp64\www\yii-master\framework\web\CController.php(291): CFilterChain->run()
#15 C:\wamp64\www\yii-master\framework\web\CController.php(265): CampController->runActionWithFilters()
#16 C:\wamp64\www\yii-master\framework\web\CWebApplication.php(282): CampController->run()
#17 C:\wamp64\www\yii-master\framework\web\CWebApplication.php(141): CWebApplication->runController()
#18 C:\wamp64\www\yii-master\framework\base\CApplication.php(185): CWebApplication->processRequest()
#19 C:\wamp64\www\donoryii1\index.php(13): CWebApplication->run()
REQUEST_URI=/donoryii1/index.php?r=camp/view&id=2
in C:\wamp64\www\donoryii1\protected\views\camp\view.php (33)
in C:\wamp64\www\donoryii1\protected\controllers\CampController.php (55)
in C:\wamp64\www\donoryii1\index.php (13)
2022/12/04 06:35:32 [error] [php] Non-static method CActiveRecord::findByPk() should not be called statically (C:\wamp64\www\donoryii1\protected\views\camp\view.php:33)
Stack trace:
#0 C:\wamp64\www\yii-master\framework\web\CBaseController.php(126): require()
#1 C:\wamp64\www\yii-master\framework\web\CBaseController.php(95): CampController->renderInternal()
#2 C:\wamp64\www\yii-master\framework\web\CController.php(872): CampController->renderFile()
#3 C:\wamp64\www\yii-master\framework\web\CController.php(785): CampController->renderPartial()
#4 C:\wamp64\www\donoryii1\protected\controllers\CampController.php(55): CampController->render()
#5 unknown(0): CampController->actionView()
#6 C:\wamp64\www\yii-master\framework\web\actions\CAction.php(115): ReflectionMethod->invokeArgs()
#7 C:\wamp64\www\yii-master\framework\web\actions\CInlineAction.php(47): CInlineAction->runWithParamsInternal()
#8 C:\wamp64\www\yii-master\framework\web\CController.php(308): CInlineAction->runWithParams()
#9 C:\wamp64\www\yii-master\framework\web\filters\CFilterChain.php(134): CampController->runAction()
#10 C:\wamp64\www\yii-master\framework\web\filters\CFilter.php(40): CFilterChain->run()
#11 C:\wamp64\www\yii-master\framework\web\CController.php(1148): CAccessControlFilter->filter()
#12 C:\wamp64\www\yii-master\framework\web\filters\CInlineFilter.php(58): CampController->filterAccessControl()
#13 C:\wamp64\www\yii-master\framework\web\filters\CFilterChain.php(131): CInlineFilter->filter()
#14 C:\wamp64\www\yii-master\framework\web\CController.php(291): CFilterChain->run()
#15 C:\wamp64\www\yii-master\framework\web\CController.php(265): CampController->runActionWithFilters()
#16 C:\wamp64\www\yii-master\framework\web\CWebApplication.php(282): CampController->run()
#17 C:\wamp64\www\yii-master\framework\web\CWebApplication.php(141): CWebApplication->runController()
#18 C:\wamp64\www\yii-master\framework\base\CApplication.php(185): CWebApplication->processRequest()
#19 C:\wamp64\www\donoryii1\index.php(13): CWebApplication->run()
REQUEST_URI=/donoryii1/index.php?r=camp/view&id=2
in C:\wamp64\www\donoryii1\protected\views\camp\view.php (33)
in C:\wamp64\www\donoryii1\protected\controllers\CampController.php (55)
in C:\wamp64\www\donoryii1\index.php (13)
2022/12/04 06:36:20 [error] [php] Non-static method CActiveRecord::find() should not be called statically (C:\wamp64\www\donoryii1\protected\views\camp\view.php:33)
Stack trace:
#0 C:\wamp64\www\yii-master\framework\web\CBaseController.php(126): require()
#1 C:\wamp64\www\yii-master\framework\web\CBaseController.php(95): CampController->renderInternal()
#2 C:\wamp64\www\yii-master\framework\web\CController.php(872): CampController->renderFile()
#3 C:\wamp64\www\yii-master\framework\web\CController.php(785): CampController->renderPartial()
#4 C:\wamp64\www\donoryii1\protected\controllers\CampController.php(55): CampController->render()
#5 unknown(0): CampController->actionView()
#6 C:\wamp64\www\yii-master\framework\web\actions\CAction.php(115): ReflectionMethod->invokeArgs()
#7 C:\wamp64\www\yii-master\framework\web\actions\CInlineAction.php(47): CInlineAction->runWithParamsInternal()
#8 C:\wamp64\www\yii-master\framework\web\CController.php(308): CInlineAction->runWithParams()
#9 C:\wamp64\www\yii-master\framework\web\filters\CFilterChain.php(134): CampController->runAction()
#10 C:\wamp64\www\yii-master\framework\web\filters\CFilter.php(40): CFilterChain->run()
#11 C:\wamp64\www\yii-master\framework\web\CController.php(1148): CAccessControlFilter->filter()
#12 C:\wamp64\www\yii-master\framework\web\filters\CInlineFilter.php(58): CampController->filterAccessControl()
#13 C:\wamp64\www\yii-master\framework\web\filters\CFilterChain.php(131): CInlineFilter->filter()
#14 C:\wamp64\www\yii-master\framework\web\CController.php(291): CFilterChain->run()
#15 C:\wamp64\www\yii-master\framework\web\CController.php(265): CampController->runActionWithFilters()
#16 C:\wamp64\www\yii-master\framework\web\CWebApplication.php(282): CampController->run()
#17 C:\wamp64\www\yii-master\framework\web\CWebApplication.php(141): CWebApplication->runController()
#18 C:\wamp64\www\yii-master\framework\base\CApplication.php(185): CWebApplication->processRequest()
#19 C:\wamp64\www\donoryii1\index.php(13): CWebApplication->run()
REQUEST_URI=/donoryii1/index.php?r=camp/view&id=2
in C:\wamp64\www\donoryii1\protected\views\camp\view.php (33)
in C:\wamp64\www\donoryii1\protected\controllers\CampController.php (55)
in C:\wamp64\www\donoryii1\index.php (13)
2022/12/04 07:48:51 [error] [exception.CException] CException: Property "Donor.type" is not defined. in C:\wamp64\www\yii-master\framework\base\CComponent.php:130
Stack trace:
#0 C:\wamp64\www\yii-master\framework\db\ar\CActiveRecord.php(145): CComponent->__get('type')
#1 C:\wamp64\www\yii-master\framework\web\helpers\CHtml.php(2784): CActiveRecord->__get('type')
#2 C:\wamp64\www\yii-master\framework\web\helpers\CHtml.php(2008): CHtml::resolveValue(Object(Donor), 'type')
#3 C:\wamp64\www\yii-master\framework\web\widgets\CActiveForm.php(915): CHtml::activeDropDownList(Object(Donor), 'type', Array, Array)
#4 C:\wamp64\www\donoryii1\protected\views\donor\_form.php(73): CActiveForm->dropDownList(Object(Donor), 'type', Array, Array)
#5 C:\wamp64\www\yii-master\framework\web\CBaseController.php(126): require('C:\\wamp64\\www\\d...')
#6 C:\wamp64\www\yii-master\framework\web\CBaseController.php(95): CBaseController->renderInternal('C:\\wamp64\\www\\d...', Array, true)
#7 C:\wamp64\www\yii-master\framework\web\CController.php(872): CBaseController->renderFile('C:\\wamp64\\www\\d...', Array, true)
#8 C:\wamp64\www\donoryii1\protected\views\donor\create.php(18): CController->renderPartial('_form', Array)
#9 C:\wamp64\www\yii-master\framework\web\CBaseController.php(126): require('C:\\wamp64\\www\\d...')
#10 C:\wamp64\www\yii-master\framework\web\CBaseController.php(95): CBaseController->renderInternal('C:\\wamp64\\www\\d...', Array, true)
#11 C:\wamp64\www\yii-master\framework\web\CController.php(872): CBaseController->renderFile('C:\\wamp64\\www\\d...', Array, true)
#12 C:\wamp64\www\yii-master\framework\web\CController.php(785): CController->renderPartial('create', Array, true)
#13 C:\wamp64\www\donoryii1\protected\controllers\DonorController.php(78): CController->render('create', Array)
#14 C:\wamp64\www\yii-master\framework\web\actions\CInlineAction.php(49): DonorController->actionCreate()
#15 C:\wamp64\www\yii-master\framework\web\CController.php(308): CInlineAction->runWithParams(Array)
#16 C:\wamp64\www\yii-master\framework\web\filters\CFilterChain.php(134): CController->runAction(Object(CInlineAction))
#17 C:\wamp64\www\yii-master\framework\web\filters\CFilter.php(40): CFilterChain->run()
#18 C:\wamp64\www\yii-master\framework\web\CController.php(1148): CFilter->filter(Object(CFilterChain))
#19 C:\wamp64\www\yii-master\framework\web\filters\CInlineFilter.php(58): CController->filterAccessControl(Object(CFilterChain))
#20 C:\wamp64\www\yii-master\framework\web\filters\CFilterChain.php(131): CInlineFilter->filter(Object(CFilterChain))
#21 C:\wamp64\www\yii-master\framework\web\CController.php(291): CFilterChain->run()
#22 C:\wamp64\www\yii-master\framework\web\CController.php(265): CController->runActionWithFilters(Object(CInlineAction), Array)
#23 C:\wamp64\www\yii-master\framework\web\CWebApplication.php(282): CController->run('create')
#24 C:\wamp64\www\yii-master\framework\web\CWebApplication.php(141): CWebApplication->runController('donor/create')
#25 C:\wamp64\www\yii-master\framework\base\CApplication.php(185): CWebApplication->processRequest()
#26 C:\wamp64\www\donoryii1\index.php(13): CApplication->run()
#27 {main}
REQUEST_URI=/donoryii1/index.php?r=donor/create
---
2022/12/04 07:59:15 [error] [php] Array to string conversion (C:\wamp64\www\yii-master\framework\web\helpers\CHtml.php:118)
Stack trace:
#0 C:\wamp64\www\yii-master\framework\utils\CFormatter.php(151): encode()
#1 C:\wamp64\www\yii-master\framework\utils\CFormatter.php(128): CFormatter->formatText()
#2 C:\wamp64\www\yii-master\framework\zii\widgets\CDetailView.php(220): CFormatter->format()
#3 C:\wamp64\www\yii-master\framework\web\CBaseController.php(182): CDetailView->run()
#4 C:\wamp64\www\donoryii1\protected\views\donor\view.php(45): DonorController->widget()
#5 C:\wamp64\www\yii-master\framework\web\CBaseController.php(126): require()
#6 C:\wamp64\www\yii-master\framework\web\CBaseController.php(95): DonorController->renderInternal()
#7 C:\wamp64\www\yii-master\framework\web\CController.php(872): DonorController->renderFile()
#8 C:\wamp64\www\yii-master\framework\web\CController.php(785): DonorController->renderPartial()
#9 C:\wamp64\www\donoryii1\protected\controllers\DonorController.php(55): DonorController->render()
#10 unknown(0): DonorController->actionView()
#11 C:\wamp64\www\yii-master\framework\web\actions\CAction.php(115): ReflectionMethod->invokeArgs()
#12 C:\wamp64\www\yii-master\framework\web\actions\CInlineAction.php(47): CInlineAction->runWithParamsInternal()
#13 C:\wamp64\www\yii-master\framework\web\CController.php(308): CInlineAction->runWithParams()
#14 C:\wamp64\www\yii-master\framework\web\filters\CFilterChain.php(134): DonorController->runAction()
#15 C:\wamp64\www\yii-master\framework\web\filters\CFilter.php(40): CFilterChain->run()
#16 C:\wamp64\www\yii-master\framework\web\CController.php(1148): CAccessControlFilter->filter()
#17 C:\wamp64\www\yii-master\framework\web\filters\CInlineFilter.php(58): DonorController->filterAccessControl()
#18 C:\wamp64\www\yii-master\framework\web\filters\CFilterChain.php(131): CInlineFilter->filter()
#19 C:\wamp64\www\yii-master\framework\web\CController.php(291): CFilterChain->run()
#20 C:\wamp64\www\yii-master\framework\web\CController.php(265): DonorController->runActionWithFilters()
#21 C:\wamp64\www\yii-master\framework\web\CWebApplication.php(282): DonorController->run()
#22 C:\wamp64\www\yii-master\framework\web\CWebApplication.php(141): CWebApplication->runController()
#23 C:\wamp64\www\yii-master\framework\base\CApplication.php(185): CWebApplication->processRequest()
#24 C:\wamp64\www\donoryii1\index.php(13): CWebApplication->run()
REQUEST_URI=/donoryii1/index.php?r=donor/view&id=1
in C:\wamp64\www\donoryii1\protected\views\donor\view.php (45)
in C:\wamp64\www\donoryii1\protected\controllers\DonorController.php (55)
in C:\wamp64\www\donoryii1\index.php (13)
2022/12/04 08:02:01 [error] [php] Undefined index:  (C:\wamp64\www\donoryii1\protected\models\Donor.php:172)
Stack trace:
#0 C:\wamp64\www\donoryii1\protected\views\donor\view.php(36): getSourceById()
#1 C:\wamp64\www\yii-master\framework\web\CBaseController.php(126): require()
#2 C:\wamp64\www\yii-master\framework\web\CBaseController.php(95): DonorController->renderInternal()
#3 C:\wamp64\www\yii-master\framework\web\CController.php(872): DonorController->renderFile()
#4 C:\wamp64\www\yii-master\framework\web\CController.php(785): DonorController->renderPartial()
#5 C:\wamp64\www\donoryii1\protected\controllers\DonorController.php(55): DonorController->render()
#6 unknown(0): DonorController->actionView()
#7 C:\wamp64\www\yii-master\framework\web\actions\CAction.php(115): ReflectionMethod->invokeArgs()
#8 C:\wamp64\www\yii-master\framework\web\actions\CInlineAction.php(47): CInlineAction->runWithParamsInternal()
#9 C:\wamp64\www\yii-master\framework\web\CController.php(308): CInlineAction->runWithParams()
#10 C:\wamp64\www\yii-master\framework\web\filters\CFilterChain.php(134): DonorController->runAction()
#11 C:\wamp64\www\yii-master\framework\web\filters\CFilter.php(40): CFilterChain->run()
#12 C:\wamp64\www\yii-master\framework\web\CController.php(1148): CAccessControlFilter->filter()
#13 C:\wamp64\www\yii-master\framework\web\filters\CInlineFilter.php(58): DonorController->filterAccessControl()
#14 C:\wamp64\www\yii-master\framework\web\filters\CFilterChain.php(131): CInlineFilter->filter()
#15 C:\wamp64\www\yii-master\framework\web\CController.php(291): CFilterChain->run()
#16 C:\wamp64\www\yii-master\framework\web\CController.php(265): DonorController->runActionWithFilters()
#17 C:\wamp64\www\yii-master\framework\web\CWebApplication.php(282): DonorController->run()
#18 C:\wamp64\www\yii-master\framework\web\CWebApplication.php(141): CWebApplication->runController()
#19 C:\wamp64\www\yii-master\framework\base\CApplication.php(185): CWebApplication->processRequest()
#20 C:\wamp64\www\donoryii1\index.php(13): CWebApplication->run()
REQUEST_URI=/donoryii1/index.php?r=donor/view&id=2
in C:\wamp64\www\donoryii1\protected\models\Donor.php (172)
in C:\wamp64\www\donoryii1\protected\views\donor\view.php (36)
in C:\wamp64\www\donoryii1\protected\controllers\DonorController.php (55)
2022/12/04 08:03:33 [error] [php] Undefined index:  (C:\wamp64\www\donoryii1\protected\models\Donor.php:172)
Stack trace:
#0 C:\wamp64\www\donoryii1\protected\views\donor\view.php(36): getSourceById()
#1 C:\wamp64\www\yii-master\framework\web\CBaseController.php(126): require()
#2 C:\wamp64\www\yii-master\framework\web\CBaseController.php(95): DonorController->renderInternal()
#3 C:\wamp64\www\yii-master\framework\web\CController.php(872): DonorController->renderFile()
#4 C:\wamp64\www\yii-master\framework\web\CController.php(785): DonorController->renderPartial()
#5 C:\wamp64\www\donoryii1\protected\controllers\DonorController.php(55): DonorController->render()
#6 unknown(0): DonorController->actionView()
#7 C:\wamp64\www\yii-master\framework\web\actions\CAction.php(115): ReflectionMethod->invokeArgs()
#8 C:\wamp64\www\yii-master\framework\web\actions\CInlineAction.php(47): CInlineAction->runWithParamsInternal()
#9 C:\wamp64\www\yii-master\framework\web\CController.php(308): CInlineAction->runWithParams()
#10 C:\wamp64\www\yii-master\framework\web\filters\CFilterChain.php(134): DonorController->runAction()
#11 C:\wamp64\www\yii-master\framework\web\filters\CFilter.php(40): CFilterChain->run()
#12 C:\wamp64\www\yii-master\framework\web\CController.php(1148): CAccessControlFilter->filter()
#13 C:\wamp64\www\yii-master\framework\web\filters\CInlineFilter.php(58): DonorController->filterAccessControl()
#14 C:\wamp64\www\yii-master\framework\web\filters\CFilterChain.php(131): CInlineFilter->filter()
#15 C:\wamp64\www\yii-master\framework\web\CController.php(291): CFilterChain->run()
#16 C:\wamp64\www\yii-master\framework\web\CController.php(265): DonorController->runActionWithFilters()
#17 C:\wamp64\www\yii-master\framework\web\CWebApplication.php(282): DonorController->run()
#18 C:\wamp64\www\yii-master\framework\web\CWebApplication.php(141): CWebApplication->runController()
#19 C:\wamp64\www\yii-master\framework\base\CApplication.php(185): CWebApplication->processRequest()
#20 C:\wamp64\www\donoryii1\index.php(13): CWebApplication->run()
REQUEST_URI=/donoryii1/index.php?r=donor/view&id=2
in C:\wamp64\www\donoryii1\protected\models\Donor.php (172)
in C:\wamp64\www\donoryii1\protected\views\donor\view.php (36)
in C:\wamp64\www\donoryii1\protected\controllers\DonorController.php (55)
2022/12/04 08:03:41 [error] [php] Undefined index:  (C:\wamp64\www\donoryii1\protected\models\Donor.php:172)
Stack trace:
#0 C:\wamp64\www\donoryii1\protected\views\donor\view.php(36): getSourceById()
#1 C:\wamp64\www\yii-master\framework\web\CBaseController.php(126): require()
#2 C:\wamp64\www\yii-master\framework\web\CBaseController.php(95): DonorController->renderInternal()
#3 C:\wamp64\www\yii-master\framework\web\CController.php(872): DonorController->renderFile()
#4 C:\wamp64\www\yii-master\framework\web\CController.php(785): DonorController->renderPartial()
#5 C:\wamp64\www\donoryii1\protected\controllers\DonorController.php(55): DonorController->render()
#6 unknown(0): DonorController->actionView()
#7 C:\wamp64\www\yii-master\framework\web\actions\CAction.php(115): ReflectionMethod->invokeArgs()
#8 C:\wamp64\www\yii-master\framework\web\actions\CInlineAction.php(47): CInlineAction->runWithParamsInternal()
#9 C:\wamp64\www\yii-master\framework\web\CController.php(308): CInlineAction->runWithParams()
#10 C:\wamp64\www\yii-master\framework\web\filters\CFilterChain.php(134): DonorController->runAction()
#11 C:\wamp64\www\yii-master\framework\web\filters\CFilter.php(40): CFilterChain->run()
#12 C:\wamp64\www\yii-master\framework\web\CController.php(1148): CAccessControlFilter->filter()
#13 C:\wamp64\www\yii-master\framework\web\filters\CInlineFilter.php(58): DonorController->filterAccessControl()
#14 C:\wamp64\www\yii-master\framework\web\filters\CFilterChain.php(131): CInlineFilter->filter()
#15 C:\wamp64\www\yii-master\framework\web\CController.php(291): CFilterChain->run()
#16 C:\wamp64\www\yii-master\framework\web\CController.php(265): DonorController->runActionWithFilters()
#17 C:\wamp64\www\yii-master\framework\web\CWebApplication.php(282): DonorController->run()
#18 C:\wamp64\www\yii-master\framework\web\CWebApplication.php(141): CWebApplication->runController()
#19 C:\wamp64\www\yii-master\framework\base\CApplication.php(185): CWebApplication->processRequest()
#20 C:\wamp64\www\donoryii1\index.php(13): CWebApplication->run()
REQUEST_URI=/donoryii1/index.php?r=donor/view&id=2
in C:\wamp64\www\donoryii1\protected\models\Donor.php (172)
in C:\wamp64\www\donoryii1\protected\views\donor\view.php (36)
in C:\wamp64\www\donoryii1\protected\controllers\DonorController.php (55)
2022/12/04 10:02:05 [error] [exception.CException] CException: SiteController has an extra endWidget(CContentDecorator) call in its view. in C:\wamp64\www\yii-master\framework\web\CBaseController.php:219
Stack trace:
#0 C:\wamp64\www\yii-master\framework\web\CBaseController.php(309): CBaseController->endWidget('CContentDecorat...')
#1 C:\wamp64\www\donoryii1\protected\views\layouts\column3.php(5): CBaseController->endContent()
#2 C:\wamp64\www\yii-master\framework\web\CBaseController.php(126): require('C:\\wamp64\\www\\d...')
#3 C:\wamp64\www\yii-master\framework\web\CBaseController.php(95): CBaseController->renderInternal('C:\\wamp64\\www\\d...', Array, true)
#4 C:\wamp64\www\yii-master\framework\web\CController.php(787): CBaseController->renderFile('C:\\wamp64\\www\\d...', Array, true)
#5 C:\wamp64\www\donoryii1\protected\controllers\SiteController.php(122): CController->render('login', Array)
#6 C:\wamp64\www\yii-master\framework\web\actions\CInlineAction.php(49): SiteController->actionLogin()
#7 C:\wamp64\www\yii-master\framework\web\CController.php(308): CInlineAction->runWithParams(Array)
#8 C:\wamp64\www\yii-master\framework\web\filters\CFilterChain.php(134): CController->runAction(Object(CInlineAction))
#9 C:\wamp64\www\yii-master\framework\web\filters\CFilter.php(40): CFilterChain->run()
#10 C:\wamp64\www\yii-master\framework\web\CController.php(1148): CFilter->filter(Object(CFilterChain))
#11 C:\wamp64\www\yii-master\framework\web\filters\CInlineFilter.php(58): CController->filterAccessControl(Object(CFilterChain))
#12 C:\wamp64\www\yii-master\framework\web\filters\CFilterChain.php(131): CInlineFilter->filter(Object(CFilterChain))
#13 C:\wamp64\www\yii-master\framework\web\CController.php(291): CFilterChain->run()
#14 C:\wamp64\www\yii-master\framework\web\CController.php(265): CController->runActionWithFilters(Object(CInlineAction), Array)
#15 C:\wamp64\www\yii-master\framework\web\CWebApplication.php(282): CController->run('login')
#16 C:\wamp64\www\yii-master\framework\web\CWebApplication.php(141): CWebApplication->runController('site/login')
#17 C:\wamp64\www\yii-master\framework\base\CApplication.php(185): CWebApplication->processRequest()
#18 C:\wamp64\www\donoryii1\index.php(13): CApplication->run()
#19 {main}
REQUEST_URI=/donoryii1/index.php?r=site/login
HTTP_REFERER=http://localhost/donoryii1/index.php?r=site/index
---
2022/12/04 10:30:31 [error] [php] array_filter() expects parameter 1 to be array, string given (C:\wamp64\www\donoryii1\protected\views\donor\_view.php:13)
Stack trace:
#0 C:\wamp64\www\donoryii1\protected\views\donor\_view.php(13): array_filter()
#1 C:\wamp64\www\yii-master\framework\web\CBaseController.php(130): require()
#2 C:\wamp64\www\yii-master\framework\web\CBaseController.php(95): DonorController->renderInternal()
#3 C:\wamp64\www\yii-master\framework\zii\widgets\CListView.php(291): DonorController->renderFile()
#4 C:\wamp64\www\yii-master\framework\zii\widgets\CBaseListView.php(181): CListView->renderItems()
#5 unknown(0): CListView->renderSection()
#6 C:\wamp64\www\yii-master\framework\zii\widgets\CBaseListView.php(164): preg_replace_callback()
#7 C:\wamp64\www\yii-master\framework\zii\widgets\CBaseListView.php(149): CListView->renderContent()
#8 C:\wamp64\www\yii-master\framework\web\CBaseController.php(182): CListView->run()
#9 C:\wamp64\www\donoryii1\protected\views\donor\index.php(19): DonorController->widget()
#10 C:\wamp64\www\yii-master\framework\web\CBaseController.php(126): require()
#11 C:\wamp64\www\yii-master\framework\web\CBaseController.php(95): DonorController->renderInternal()
#12 C:\wamp64\www\yii-master\framework\web\CController.php(872): DonorController->renderFile()
#13 C:\wamp64\www\yii-master\framework\web\CController.php(785): DonorController->renderPartial()
#14 C:\wamp64\www\donoryii1\protected\controllers\DonorController.php(131): DonorController->render()
#15 C:\wamp64\www\yii-master\framework\web\actions\CInlineAction.php(49): DonorController->actionIndex()
#16 C:\wamp64\www\yii-master\framework\web\CController.php(308): CInlineAction->runWithParams()
#17 C:\wamp64\www\yii-master\framework\web\filters\CFilterChain.php(134): DonorController->runAction()
#18 C:\wamp64\www\yii-master\framework\web\filters\CFilter.php(40): CFilterChain->run()
#19 C:\wamp64\www\yii-master\framework\web\CController.php(1148): CAccessControlFilter->filter()
#20 C:\wamp64\www\yii-master\framework\web\filters\CInlineFilter.php(58): DonorController->filterAccessControl()
#21 C:\wamp64\www\yii-master\framework\web\filters\CFilterChain.php(131): CInlineFilter->filter()
#22 C:\wamp64\www\yii-master\framework\web\CController.php(291): CFilterChain->run()
#23 C:\wamp64\www\yii-master\framework\web\CController.php(265): DonorController->runActionWithFilters()
#24 C:\wamp64\www\yii-master\framework\web\CWebApplication.php(282): DonorController->run()
#25 C:\wamp64\www\yii-master\framework\web\CWebApplication.php(141): CWebApplication->runController()
#26 C:\wamp64\www\yii-master\framework\base\CApplication.php(185): CWebApplication->processRequest()
#27 C:\wamp64\www\donoryii1\index.php(13): CWebApplication->run()
REQUEST_URI=/donoryii1/index.php?r=donor/index
in C:\wamp64\www\donoryii1\protected\views\donor\_view.php (13)
in C:\wamp64\www\donoryii1\protected\views\donor\index.php (19)
in C:\wamp64\www\donoryii1\protected\controllers\DonorController.php (131)
2022/12/04 13:17:01 [error] [exception.CHttpException.403] CHttpException: You are not authorized to perform this action. in C:\wamp64\www\yii-master\framework\web\auth\CAccessControlFilter.php:183
Stack trace:
#0 C:\wamp64\www\yii-master\framework\web\auth\CAccessControlFilter.php(145): CAccessControlFilter->accessDenied(Object(CWebUser), 'You are not aut...')
#1 C:\wamp64\www\yii-master\framework\web\filters\CFilter.php(38): CAccessControlFilter->preFilter(Object(CFilterChain))
#2 C:\wamp64\www\yii-master\framework\web\CController.php(1148): CFilter->filter(Object(CFilterChain))
#3 C:\wamp64\www\yii-master\framework\web\filters\CInlineFilter.php(58): CController->filterAccessControl(Object(CFilterChain))
#4 C:\wamp64\www\yii-master\framework\web\filters\CFilterChain.php(131): CInlineFilter->filter(Object(CFilterChain))
#5 C:\wamp64\www\yii-master\framework\web\CController.php(291): CFilterChain->run()
#6 C:\wamp64\www\yii-master\framework\web\CController.php(265): CController->runActionWithFilters(Object(CInlineAction), Array)
#7 C:\wamp64\www\yii-master\framework\web\CWebApplication.php(282): CController->run('liveCamp')
#8 C:\wamp64\www\yii-master\framework\web\CWebApplication.php(141): CWebApplication->runController('camp/liveCamp')
#9 C:\wamp64\www\yii-master\framework\base\CApplication.php(185): CWebApplication->processRequest()
#10 C:\wamp64\www\donoryii1\index.php(13): CApplication->run()
#11 {main}
REQUEST_URI=/donoryii1/index.php?r=camp/liveCamp&id=2
HTTP_REFERER=http://localhost/donoryii1/index.php?r=camp/view&id=2
---
